[debug] [2022-09-15T13:23:13.108Z] ----------------------------------------------------------------------
[debug] [2022-09-15T13:23:13.129Z] Command:       C:\Program Files\nodejs\node.exe C:\Users\Test.Xolani-PC\AppData\Roaming\npm\node_modules\firebase-tools\lib\bin\firebase.js init
[debug] [2022-09-15T13:23:13.130Z] CLI Version:   11.5.0
[debug] [2022-09-15T13:23:13.131Z] Platform:      win32
[debug] [2022-09-15T13:23:13.131Z] Node Version:  v16.15.0
[debug] [2022-09-15T13:23:13.646Z] Time:          Thu Sep 15 2022 15:23:13 GMT+0200 (South Africa Standard Time)
[debug] [2022-09-15T13:23:13.648Z] ----------------------------------------------------------------------
[debug] 
[debug] [2022-09-15T13:23:13.929Z] > command requires scopes: ["email","openid","https://www.googleapis.com/auth/cloudplatformprojects.readonly","https://www.googleapis.com/auth/firebase","https://www.googleapis.com/auth/cloud-platform"]
[debug] [2022-09-15T13:23:13.931Z] > authorizing via signed-in user (nkanyisontshangase349@gmail.com)
[info] 
     ######## #### ########  ######## ########     ###     ######  ########
     ##        ##  ##     ## ##       ##     ##  ##   ##  ##       ##
     ######    ##  ########  ######   ########  #########  ######  ######
     ##        ##  ##    ##  ##       ##     ## ##     ##       ## ##
     ##       #### ##     ## ######## ########  ##     ##  ######  ########

You're about to initialize a Firebase project in this directory:

  C:\Users\Test.Xolani-PC\Desktop\repo\React Apps\amazon-react-clone

Before we get started, keep in mind:

  * You are initializing within an existing Firebase project directory

